<?xml version="1.0" encoding="UTF-8"?>
<TestRun id="53d5b60a-42a8-4012-a834-c8b02ccca3e7" name="mkumar@DESKTOP-8JETNP9 2016-07-06 16:23:15" runUser="DESKTOP-8JETNP9\mkumar" xmlns="http://microsoft.com/schemas/VisualStudio/TeamTest/2010">
  <TestSettings name="Default Test Settings" id="41686258-7f00-4e8c-b1bd-46f1c0e443e3">
    <Execution>
      <TestTypeSpecific />
      <AgentRule name="Execution Agents">
      </AgentRule>
    </Execution>
    <Deployment runDeploymentRoot="mkumar_DESKTOP-8JETNP9 2016-07-06 16_23_15" />
    <Properties />
  </TestSettings>
  <Times creation="2016-07-06T16:23:15.1137548+05:30" queuing="2016-07-06T16:23:15.4067028+05:30" start="2016-07-06T16:23:15.4939359+05:30" finish="2016-07-06T16:23:15.7731865+05:30" />
  <ResultSummary outcome="Failed">
    <Counters total="1" executed="1" error="0" failed="1" timeout="0" aborted="0" inconclusive="0" passedButRunAborted="0" notRunnable="0" notExecuted="0" disconnected="0" warning="0" passed="0" completed="0" inProgress="0" pending="0" />
  </ResultSummary>
  <TestDefinitions>
    <UnitTest name="LoginTest" storage="seleniumproj.dll" id="81a64502-cf00-45db-c5e0-4671329ecfec">
      <Execution id="75055dcd-74d4-425e-98b3-9b2e177be65d" />
      <TestMethod codeBase="C:/Users/mkumar/Documents/Visual Studio 2015/Projects/LearnSelenium/SeleniumProj/bin/Debug/SeleniumProj.dll" adapterTypeName="Microsoft.VisualStudio.TestTools.TestTypes.Unit.UnitTestAdapter, Microsoft.VisualStudio.QualityTools.Tips.UnitTest.Adapter, Version=14.0.0.0, Culture=neutral, PublicKeyToken=b03f5f7f11d50a3a" className="SeleniumProj.Tests.SampleTest, SeleniumProj, Version=1.0.0.0, Culture=neutral, PublicKeyToken=null" name="LoginTest" />
    </UnitTest>
  </TestDefinitions>
  <TestLists>
    <TestList name="Results Not in a List" id="8c84fa94-04c1-424b-9868-57a2d4851a1d" />
    <TestList name="All Loaded Results" id="19431567-8539-422a-85d7-44ee4e166bda" />
  </TestLists>
  <TestEntries>
    <TestEntry testId="81a64502-cf00-45db-c5e0-4671329ecfec" executionId="75055dcd-74d4-425e-98b3-9b2e177be65d" testListId="8c84fa94-04c1-424b-9868-57a2d4851a1d" />
  </TestEntries>
  <Results>
    <UnitTestResult executionId="75055dcd-74d4-425e-98b3-9b2e177be65d" testId="81a64502-cf00-45db-c5e0-4671329ecfec" testName="LoginTest" computerName="DESKTOP-8JETNP9" duration="00:00:00.0537274" startTime="2016-07-06T16:23:15.5190479+05:30" endTime="2016-07-06T16:23:15.7284770+05:30" testType="13cdc9d9-ddb5-4fa4-a97d-d965ccfc6d4b" outcome="Failed" testListId="8c84fa94-04c1-424b-9868-57a2d4851a1d" relativeResultsDirectory="75055dcd-74d4-425e-98b3-9b2e177be65d">
      <Output>
        <ErrorInfo>
          <Message>Initialization method SeleniumProj.Tests.SampleTest.Initialize threw exception. OpenQA.Selenium.DriverServiceNotFoundException: OpenQA.Selenium.DriverServiceNotFoundException: The chromedriver.exe file does not exist in the current directory or in a directory on the PATH environment variable. The driver can be downloaded at http://chromedriver.storage.googleapis.com/index.html..</Message>
          <StackTrace>    at OpenQA.Selenium.DriverService.FindDriverServiceExecutable(String executableName, Uri downloadUrl)
   at OpenQA.Selenium.Chrome.ChromeDriverService.CreateDefaultService()
   at OpenQA.Selenium.Chrome.ChromeDriver..ctor(ChromeOptions options)
   at OpenQA.Selenium.Chrome.ChromeDriver..ctor()
   at SeleniumProj.Tests.SampleTest.Initialize() in C:\Users\mkumar\Documents\Visual Studio 2015\Projects\LearnSelenium\SeleniumProj\Tests\SampleTest.cs:line 46
</StackTrace>
        </ErrorInfo>
      </Output>
    </UnitTestResult>
  </Results>
</TestRun>