<?xml version="1.0" encoding="UTF-8"?>
<TestRun id="c1d5941a-a858-4a1a-9312-92bdd0a0976e" name="mkumar@DESKTOP-8JETNP9 2016-07-06 16:33:51" runUser="DESKTOP-8JETNP9\mkumar" xmlns="http://microsoft.com/schemas/VisualStudio/TeamTest/2010">
  <TestSettings name="Default Test Settings" id="288d93f3-f8d9-4e7c-8a9e-fcf0c5a7f7f2">
    <Execution>
      <TestTypeSpecific />
      <AgentRule name="Execution Agents">
      </AgentRule>
    </Execution>
    <Deployment runDeploymentRoot="mkumar_DESKTOP-8JETNP9 2016-07-06 16_33_51" />
    <Properties />
  </TestSettings>
  <Times creation="2016-07-06T16:33:51.5466991+05:30" queuing="2016-07-06T16:33:51.8421389+05:30" start="2016-07-06T16:33:51.9292105+05:30" finish="2016-07-06T16:33:53.8208476+05:30" />
  <ResultSummary outcome="Failed">
    <Counters total="1" executed="1" error="0" failed="1" timeout="0" aborted="0" inconclusive="0" passedButRunAborted="0" notRunnable="0" notExecuted="0" disconnected="0" warning="0" passed="0" completed="0" inProgress="0" pending="0" />
  </ResultSummary>
  <TestDefinitions>
    <UnitTest name="LoginTest" storage="seleniumproj.dll" id="81a64502-cf00-45db-c5e0-4671329ecfec">
      <Execution id="5302d6ad-801f-43e3-bbfd-ff65a422d952" />
      <TestMethod codeBase="C:/Users/mkumar/Documents/Visual Studio 2015/Projects/LearnSelenium/SeleniumProj/bin/Debug/SeleniumProj.dll" adapterTypeName="Microsoft.VisualStudio.TestTools.TestTypes.Unit.UnitTestAdapter, Microsoft.VisualStudio.QualityTools.Tips.UnitTest.Adapter, Version=14.0.0.0, Culture=neutral, PublicKeyToken=b03f5f7f11d50a3a" className="SeleniumProj.Tests.SampleTest, SeleniumProj, Version=1.0.0.0, Culture=neutral, PublicKeyToken=null" name="LoginTest" />
    </UnitTest>
  </TestDefinitions>
  <TestLists>
    <TestList name="Results Not in a List" id="8c84fa94-04c1-424b-9868-57a2d4851a1d" />
    <TestList name="All Loaded Results" id="19431567-8539-422a-85d7-44ee4e166bda" />
  </TestLists>
  <TestEntries>
    <TestEntry testId="81a64502-cf00-45db-c5e0-4671329ecfec" executionId="5302d6ad-801f-43e3-bbfd-ff65a422d952" testListId="8c84fa94-04c1-424b-9868-57a2d4851a1d" />
  </TestEntries>
  <Results>
    <UnitTestResult executionId="5302d6ad-801f-43e3-bbfd-ff65a422d952" testId="81a64502-cf00-45db-c5e0-4671329ecfec" testName="LoginTest" computerName="DESKTOP-8JETNP9" duration="00:00:01.6472998" startTime="2016-07-06T16:33:51.9543134+05:30" endTime="2016-07-06T16:33:53.7624130+05:30" testType="13cdc9d9-ddb5-4fa4-a97d-d965ccfc6d4b" outcome="Failed" testListId="8c84fa94-04c1-424b-9868-57a2d4851a1d" relativeResultsDirectory="5302d6ad-801f-43e3-bbfd-ff65a422d952">
      <Output>
        <ErrorInfo>
          <Message>Initialization method SeleniumProj.Tests.SampleTest.Initialize threw exception. System.InvalidOperationException: System.InvalidOperationException: unknown error: unrecognized Blink revision: 27e9e15b411edc75a2233a9ad11dc7ae86e243fd
  (Driver info: chromedriver=2.10.267521,platform=Windows NT 6.3 x86_64).</Message>
          <StackTrace>    at OpenQA.Selenium.Remote.RemoteWebDriver.UnpackAndThrowOnError(Response errorResponse)
   at OpenQA.Selenium.Remote.RemoteWebDriver.Execute(String driverCommandToExecute, Dictionary`2 parameters)
   at OpenQA.Selenium.Remote.RemoteWebDriver.StartSession(ICapabilities desiredCapabilities)
   at OpenQA.Selenium.Remote.RemoteWebDriver..ctor(ICommandExecutor commandExecutor, ICapabilities desiredCapabilities)
   at OpenQA.Selenium.Chrome.ChromeDriver..ctor(String chromeDriverDirectory, ChromeOptions options)
   at OpenQA.Selenium.Chrome.ChromeDriver..ctor(String chromeDriverDirectory)
   at SeleniumProj.Tests.SampleTest.Initialize() in C:\Users\mkumar\Documents\Visual Studio 2015\Projects\LearnSelenium\SeleniumProj\Tests\SampleTest.cs:line 46
</StackTrace>
        </ErrorInfo>
      </Output>
    </UnitTestResult>
  </Results>
</TestRun>