<?xml version="1.0" encoding="UTF-8"?>
<TestRun id="e61a0e3c-68f1-45c1-8426-0736e2e6a57f" name="mkumar@DESKTOP-8JETNP9 2016-07-06 16:22:18" runUser="DESKTOP-8JETNP9\mkumar" xmlns="http://microsoft.com/schemas/VisualStudio/TeamTest/2010">
  <TestSettings name="Default Test Settings" id="74dfb868-2ffa-438d-98cb-e91a9aa04a15">
    <Execution>
      <TestTypeSpecific />
      <AgentRule name="Execution Agents">
      </AgentRule>
    </Execution>
    <Deployment runDeploymentRoot="mkumar_DESKTOP-8JETNP9 2016-07-06 16_22_18" />
    <Properties />
  </TestSettings>
  <Times creation="2016-07-06T16:22:18.8512649+05:30" queuing="2016-07-06T16:22:19.1506067+05:30" start="2016-07-06T16:22:19.2368774+05:30" finish="2016-07-06T16:22:19.5162009+05:30" />
  <ResultSummary outcome="Failed">
    <Counters total="1" executed="1" error="0" failed="1" timeout="0" aborted="0" inconclusive="0" passedButRunAborted="0" notRunnable="0" notExecuted="0" disconnected="0" warning="0" passed="0" completed="0" inProgress="0" pending="0" />
  </ResultSummary>
  <TestDefinitions>
    <UnitTest name="LoginTest" storage="seleniumproj.dll" id="81a64502-cf00-45db-c5e0-4671329ecfec">
      <Execution id="c8a7d2b4-33bf-4df3-8bce-d24008587f00" />
      <TestMethod codeBase="C:/Users/mkumar/Documents/Visual Studio 2015/Projects/LearnSelenium/SeleniumProj/bin/Debug/SeleniumProj.dll" adapterTypeName="Microsoft.VisualStudio.TestTools.TestTypes.Unit.UnitTestAdapter, Microsoft.VisualStudio.QualityTools.Tips.UnitTest.Adapter, Version=14.0.0.0, Culture=neutral, PublicKeyToken=b03f5f7f11d50a3a" className="SeleniumProj.Tests.SampleTest, SeleniumProj, Version=1.0.0.0, Culture=neutral, PublicKeyToken=null" name="LoginTest" />
    </UnitTest>
  </TestDefinitions>
  <TestLists>
    <TestList name="Results Not in a List" id="8c84fa94-04c1-424b-9868-57a2d4851a1d" />
    <TestList name="All Loaded Results" id="19431567-8539-422a-85d7-44ee4e166bda" />
  </TestLists>
  <TestEntries>
    <TestEntry testId="81a64502-cf00-45db-c5e0-4671329ecfec" executionId="c8a7d2b4-33bf-4df3-8bce-d24008587f00" testListId="8c84fa94-04c1-424b-9868-57a2d4851a1d" />
  </TestEntries>
  <Results>
    <UnitTestResult executionId="c8a7d2b4-33bf-4df3-8bce-d24008587f00" testId="81a64502-cf00-45db-c5e0-4671329ecfec" testName="LoginTest" computerName="DESKTOP-8JETNP9" duration="00:00:00.0547310" startTime="2016-07-06T16:22:19.2609836+05:30" endTime="2016-07-06T16:22:19.4752833+05:30" testType="13cdc9d9-ddb5-4fa4-a97d-d965ccfc6d4b" outcome="Failed" testListId="8c84fa94-04c1-424b-9868-57a2d4851a1d" relativeResultsDirectory="c8a7d2b4-33bf-4df3-8bce-d24008587f00">
      <Output>
        <ErrorInfo>
          <Message>Initialization method SeleniumProj.Tests.SampleTest.Initialize threw exception. OpenQA.Selenium.DriverServiceNotFoundException: OpenQA.Selenium.DriverServiceNotFoundException: The chromedriver.exe file does not exist in the current directory or in a directory on the PATH environment variable. The driver can be downloaded at http://chromedriver.storage.googleapis.com/index.html..</Message>
          <StackTrace>    at OpenQA.Selenium.DriverService.FindDriverServiceExecutable(String executableName, Uri downloadUrl)
   at OpenQA.Selenium.Chrome.ChromeDriverService.CreateDefaultService()
   at OpenQA.Selenium.Chrome.ChromeDriver..ctor(ChromeOptions options)
   at OpenQA.Selenium.Chrome.ChromeDriver..ctor()
   at SeleniumProj.Tests.SampleTest.Initialize() in C:\Users\mkumar\Documents\Visual Studio 2015\Projects\LearnSelenium\SeleniumProj\Tests\SampleTest.cs:line 46
</StackTrace>
        </ErrorInfo>
      </Output>
    </UnitTestResult>
  </Results>
</TestRun>